<?xml version="1.0" encoding="UTF-8"?>
<!-- Generated by org.testng.reporters.JUnitReportReporter -->
<testsuite name="org.com5104.testngselenium.AllSeleniumTests" tests="18" time="20.601" ignored="0" failures="0" timestamp="10 Dec 2017 22:11:14 GMT" skipped="0" hostname="DESKTOP-NQH07IS" errors="0">
  <testcase name="StudentLoginS2" time="0.656" classname="org.com5104.testngselenium.AllSeleniumTests"/>
  <testcase name="CreateStudentS2" time="0.994" classname="org.com5104.testngselenium.AllSeleniumTests"/>
  <testcase name="ClerkLogOut" time="0.210" classname="org.com5104.testngselenium.AllSeleniumTests"/>
  <testcase name="CreateCourseC2" time="1.389" classname="org.com5104.testngselenium.AllSeleniumTests"/>
  <testcase name="CreateStudentS3" time="1.055" classname="org.com5104.testngselenium.AllSeleniumTests"/>
  <testcase name="StudentS2TakeCourseC3" time="0.486" classname="org.com5104.testngselenium.AllSeleniumTests"/>
  <testcase name="StudentS2DropCourseC3" time="0.840" classname="org.com5104.testngselenium.AllSeleniumTests"/>
  <testcase name="DeleteStudentS1" time="0.942" classname="org.com5104.testngselenium.AllSeleniumTests"/>
  <testcase name="StudentS2RegisterForCourseC3" time="0.411" classname="org.com5104.testngselenium.AllSeleniumTests"/>
  <testcase name="StudentLogOut" time="0.200" classname="org.com5104.testngselenium.AllSeleniumTests"/>
  <testcase name="CreateCourseC1" time="2.686" classname="org.com5104.testngselenium.AllSeleniumTests"/>
  <testcase name="CreateStudentS1" time="3.519" classname="org.com5104.testngselenium.AllSeleniumTests"/>
  <testcase name="CreateCourseC3" time="1.151" classname="org.com5104.testngselenium.AllSeleniumTests"/>
  <testcase name="StudentS2DeRegisterForCourseC2" time="0.778" classname="org.com5104.testngselenium.AllSeleniumTests"/>
  <testcase name="StudentS2TakeCourseC2" time="0.950" classname="org.com5104.testngselenium.AllSeleniumTests"/>
  <testcase name="DeleteCourseC1" time="0.911" classname="org.com5104.testngselenium.AllSeleniumTests"/>
  <testcase name="ClerkLogin" time="2.579" classname="org.com5104.testngselenium.AllSeleniumTests"/>
  <testcase name="StudentS2RegisterForCourseC2" time="0.844" classname="org.com5104.testngselenium.AllSeleniumTests"/>
</testsuite> <!-- org.com5104.testngselenium.AllSeleniumTests -->
