<?xml version="1.0" encoding="UTF-8"?>
<!-- Generated by org.testng.reporters.JUnitReportReporter -->
<testsuite name="org.com5104.testngselenium.NewTest1" tests="2" time="2.681" ignored="0" failures="0" timestamp="06 Dec 2017 17:02:33 GMT" skipped="0" hostname="DESKTOP-NQH07IS" errors="0">
  <testcase name="CreateStudent" time="1.724" classname="org.com5104.testngselenium.NewTest1"/>
  <testcase name="ClerkLogin" time="0.957" classname="org.com5104.testngselenium.NewTest1"/>
</testsuite> <!-- org.com5104.testngselenium.NewTest1 -->
