<?xml version="1.0" encoding="UTF-8"?>
<!-- Generated by org.testng.reporters.JUnitReportReporter -->
<testsuite name="org.com5104.testngselenium.NewTest1" tests="18" time="16.092" ignored="0" failures="0" timestamp="07 Dec 2017 23:58:12 GMT" skipped="0" hostname="DESKTOP-NQH07IS" errors="0">
  <testcase name="StudentS2TakeCourseC2" time="0.966" classname="org.com5104.testngselenium.NewTest1"/>
  <testcase name="CreateStudentS2" time="0.869" classname="org.com5104.testngselenium.NewTest1"/>
  <testcase name="StudentS2TakeCourseC3" time="0.484" classname="org.com5104.testngselenium.NewTest1"/>
  <testcase name="CreateCourseC2" time="1.055" classname="org.com5104.testngselenium.NewTest1"/>
  <testcase name="CreateStudentS3" time="0.969" classname="org.com5104.testngselenium.NewTest1"/>
  <testcase name="StudentS2DropCourseC3" time="0.737" classname="org.com5104.testngselenium.NewTest1"/>
  <testcase name="DeleteStudentS1" time="1.097" classname="org.com5104.testngselenium.NewTest1"/>
  <testcase name="StudentLoginS2" time="0.679" classname="org.com5104.testngselenium.NewTest1"/>
  <testcase name="StudentS2RegisterForCourseC3" time="0.428" classname="org.com5104.testngselenium.NewTest1"/>
  <testcase name="StudentLogOut" time="0.138" classname="org.com5104.testngselenium.NewTest1"/>
  <testcase name="ClerkLogOut" time="0.204" classname="org.com5104.testngselenium.NewTest1"/>
  <testcase name="CreateCourseC1" time="1.886" classname="org.com5104.testngselenium.NewTest1"/>
  <testcase name="CreateStudentS1" time="1.751" classname="org.com5104.testngselenium.NewTest1"/>
  <testcase name="CreateCourseC3" time="1.075" classname="org.com5104.testngselenium.NewTest1"/>
  <testcase name="StudentS2DeRegisterForCourseC2" time="0.676" classname="org.com5104.testngselenium.NewTest1"/>
  <testcase name="DeleteCourseC1" time="1.100" classname="org.com5104.testngselenium.NewTest1"/>
  <testcase name="ClerkLogin" time="1.209" classname="org.com5104.testngselenium.NewTest1"/>
  <testcase name="StudentS2RegisterForCourseC2" time="0.769" classname="org.com5104.testngselenium.NewTest1"/>
</testsuite> <!-- org.com5104.testngselenium.NewTest1 -->
